<?xml version="1.0" encoding="UTF-8"?>
<testsuite name="com.library.app.category.repository.CategoryRepositoryUTest" time="1.882" tests="8" errors="0" skipped="0" failures="0">
  <properties>
    <property name="java.runtime.name" value="Java(TM) SE Runtime Environment"/>
    <property name="sun.boot.library.path" value="/opt/jdk/jdk1.8.0_251/jre/lib/amd64"/>
    <property name="java.vm.version" value="25.251-b08"/>
    <property name="java.vm.vendor" value="Oracle Corporation"/>
    <property name="java.vendor.url" value="http://java.oracle.com/"/>
    <property name="path.separator" value=":"/>
    <property name="guice.disable.misplaced.annotation.check" value="true"/>
    <property name="java.vm.name" value="Java HotSpot(TM) 64-Bit Server VM"/>
    <property name="file.encoding.pkg" value="sun.io"/>
    <property name="user.country" value="US"/>
    <property name="sun.java.launcher" value="SUN_STANDARD"/>
    <property name="sun.os.patch.level" value="unknown"/>
    <property name="java.vm.specification.name" value="Java Virtual Machine Specification"/>
    <property name="user.dir" value="/home/sasindu/IdeaProjects"/>
    <property name="java.runtime.version" value="1.8.0_251-b08"/>
    <property name="java.awt.graphicsenv" value="sun.awt.X11GraphicsEnvironment"/>
    <property name="java.endorsed.dirs" value="/opt/jdk/jdk1.8.0_251/jre/lib/endorsed"/>
    <property name="os.arch" value="amd64"/>
    <property name="java.io.tmpdir" value="/tmp"/>
    <property name="line.separator" value="&#10;"/>
    <property name="java.vm.specification.vendor" value="Oracle Corporation"/>
    <property name="os.name" value="Linux"/>
    <property name="classworlds.conf" value="/usr/local/apache-maven-3.2.5/bin/m2.conf"/>
    <property name="sun.jnu.encoding" value="UTF-8"/>
    <property name="java.library.path" value="/usr/java/packages/lib/amd64:/usr/lib64:/lib64:/lib:/usr/lib"/>
    <property name="java.specification.name" value="Java Platform API Specification"/>
    <property name="java.class.version" value="52.0"/>
    <property name="sun.management.compiler" value="HotSpot 64-Bit Tiered Compilers"/>
    <property name="os.version" value="5.3.0-53-generic"/>
    <property name="user.home" value="/home/sasindu"/>
    <property name="user.timezone" value="Asia/Colombo"/>
    <property name="java.awt.printerjob" value="sun.print.PSPrinterJob"/>
    <property name="file.encoding" value="UTF-8"/>
    <property name="java.specification.version" value="1.8"/>
    <property name="user.name" value="sasindu"/>
    <property name="java.class.path" value="/usr/local/apache-maven-3.2.5/boot/plexus-classworlds-2.5.2.jar"/>
    <property name="java.vm.specification.version" value="1.8"/>
    <property name="sun.arch.data.model" value="64"/>
    <property name="java.home" value="/opt/jdk/jdk1.8.0_251/jre"/>
    <property name="sun.java.command" value="org.codehaus.plexus.classworlds.launcher.Launcher clean install"/>
    <property name="java.specification.vendor" value="Oracle Corporation"/>
    <property name="user.language" value="en"/>
    <property name="awt.toolkit" value="sun.awt.X11.XToolkit"/>
    <property name="java.vm.info" value="mixed mode"/>
    <property name="java.version" value="1.8.0_251"/>
    <property name="java.ext.dirs" value="/opt/jdk/jdk1.8.0_251/jre/lib/ext:/usr/java/packages/lib/ext"/>
    <property name="securerandom.source" value="file:/dev/./urandom"/>
    <property name="sun.boot.class.path" value="/opt/jdk/jdk1.8.0_251/jre/lib/resources.jar:/opt/jdk/jdk1.8.0_251/jre/lib/rt.jar:/opt/jdk/jdk1.8.0_251/jre/lib/sunrsasign.jar:/opt/jdk/jdk1.8.0_251/jre/lib/jsse.jar:/opt/jdk/jdk1.8.0_251/jre/lib/jce.jar:/opt/jdk/jdk1.8.0_251/jre/lib/charsets.jar:/opt/jdk/jdk1.8.0_251/jre/lib/jfr.jar:/opt/jdk/jdk1.8.0_251/jre/classes"/>
    <property name="java.vendor" value="Oracle Corporation"/>
    <property name="maven.home" value="/usr/local/apache-maven-3.2.5"/>
    <property name="file.separator" value="/"/>
    <property name="java.vendor.url.bug" value="http://bugreport.sun.com/bugreport/"/>
    <property name="sun.cpu.endian" value="little"/>
    <property name="sun.io.unicode.encoding" value="UnicodeLittle"/>
    <property name="sun.desktop" value="gnome"/>
    <property name="sun.cpu.isalist" value=""/>
  </properties>
  <testcase name="findCategoryByIdWithNullId" classname="com.library.app.category.repository.CategoryRepositoryUTest" time="1.284"/>
  <testcase name="alreadyExistsForAdd" classname="com.library.app.category.repository.CategoryRepositoryUTest" time="0.24"/>
  <testcase name="addCategoryAndFindIt" classname="com.library.app.category.repository.CategoryRepositoryUTest" time="0.063"/>
  <testcase name="alreadyExistsCategoryWithId" classname="com.library.app.category.repository.CategoryRepositoryUTest" time="0.065"/>
  <testcase name="findAllCategories" classname="com.library.app.category.repository.CategoryRepositoryUTest" time="0.069"/>
  <testcase name="existsById" classname="com.library.app.category.repository.CategoryRepositoryUTest" time="0.053"/>
  <testcase name="updateCategory" classname="com.library.app.category.repository.CategoryRepositoryUTest" time="0.063"/>
  <testcase name="findCategoryByIdNotFound" classname="com.library.app.category.repository.CategoryRepositoryUTest" time="0.045"/>
</testsuite>